[14-Mar-2021 09:48:44 Asia/Tokyo] 初めてのログ！
[14-Mar-2021 09:54:20 Asia/Tokyo] POST送信があります。
[14-Mar-2021 09:54:20 Asia/Tokyo] PHP Notice:  Array to string conversion in C:\xampp\htdocs\アニログ\anime-record\sign-up.php on line 19
[14-Mar-2021 09:54:20 Asia/Tokyo] POST : Array
[14-Mar-2021 09:55:12 Asia/Tokyo] POST送信があります。
[14-Mar-2021 09:55:12 Asia/Tokyo] PHP Notice:  Array to string conversion in C:\xampp\htdocs\アニログ\anime-record\sign-up.php on line 19
[14-Mar-2021 09:55:12 Asia/Tokyo] POST : Array
[14-Mar-2021 09:57:15 Asia/Tokyo] POST送信があります。
[14-Mar-2021 09:57:15 Asia/Tokyo] POSTArray
(
    [email] => aaaa
    [pass] => aaaaaaaaaa
)

[14-Mar-2021 10:37:52 Asia/Tokyo] POST送信があります。
[14-Mar-2021 10:37:52 Asia/Tokyo] POSTArray
(
    [email] => aaa@gmail.com
    [pass] => password
)

[14-Mar-2021 10:37:52 Asia/Tokyo] バリデーションOKです。
[14-Mar-2021 10:38:09 Asia/Tokyo] POST送信があります。
[14-Mar-2021 10:38:09 Asia/Tokyo] POSTArray
(
    [email] => aaaa@gmail.com
    [pass] => aaaa
)

[14-Mar-2021 10:38:27 Asia/Tokyo] POST送信があります。
[14-Mar-2021 10:38:27 Asia/Tokyo] POSTArray
(
    [email] => a
    [pass] => 
)

[14-Mar-2021 10:38:27 Asia/Tokyo] エラー内容:Array
(
    [pass] => 入力必須です。
)

[14-Mar-2021 10:38:37 Asia/Tokyo] POST送信があります。
[14-Mar-2021 10:38:37 Asia/Tokyo] POSTArray
(
    [email] => a
    [pass] => 
)

[14-Mar-2021 10:38:37 Asia/Tokyo] エラー内容:Array
(
    [pass] => 入力必須です。
)

[14-Mar-2021 10:38:44 Asia/Tokyo] POST送信があります。
[14-Mar-2021 10:38:44 Asia/Tokyo] POSTArray
(
    [email] => a
    [pass] => a
)

[14-Mar-2021 10:39:22 Asia/Tokyo] POST送信があります。
[14-Mar-2021 10:39:22 Asia/Tokyo] POSTArray
(
    [email] => a
    [pass] => a
)

[14-Mar-2021 10:39:22 Asia/Tokyo] エラー内容:Array
(
    [email] => メールアドレスを正しく入力してください。
    [pass] => パスワードは6文字以上12文字以内で入力してください。
)

[14-Mar-2021 10:39:34 Asia/Tokyo] POST送信があります。
[14-Mar-2021 10:39:34 Asia/Tokyo] POSTArray
(
    [email] => a@gmail.com
    [pass] => password
)

[14-Mar-2021 10:39:34 Asia/Tokyo] バリデーションOKです。
[14-Mar-2021 10:39:34 Asia/Tokyo] エラー内容:Array
(
)

